<?xml version="1.0" encoding="UTF-8"?>
<testsuite xmlns:xsi="http://www.w3.org/2001/XMLSchema-instance" xsi:noNamespaceSchemaLocation="https://maven.apache.org/surefire/maven-surefire-plugin/xsd/surefire-test-report-3.0.xsd" version="3.0" name="org.acme.my.ext.test.MyExtDevModeTest" time="1.352" tests="1" errors="0" skipped="0" failures="0">
  <properties>
    <property name="awt.toolkit" value="sun.awt.X11.XToolkit"/>
    <property name="java.specification.version" value="11"/>
    <property name="sun.cpu.isalist" value=""/>
    <property name="sun.jnu.encoding" value="UTF-8"/>
    <property name="java.class.path" value="/mnt/external-drive/code/issue-reproducer/my-ext/deployment/target/test-classes:/mnt/external-drive/code/issue-reproducer/my-ext/deployment/target/classes:/home/cchianel/.m2/repository/io/quarkus/quarkus-arc-deployment/1.13.2.Final/quarkus-arc-deployment-1.13.2.Final.jar:/home/cchianel/.m2/repository/io/quarkus/quarkus-core-deployment/1.13.2.Final/quarkus-core-deployment-1.13.2.Final.jar:/home/cchianel/.m2/repository/org/wildfly/common/wildfly-common/1.5.4.Final-format-001/wildfly-common-1.5.4.Final-format-001.jar:/home/cchianel/.m2/repository/io/quarkus/gizmo/gizmo/1.0.7.Final/gizmo-1.0.7.Final.jar:/home/cchianel/.m2/repository/org/ow2/asm/asm-util/9.1/asm-util-9.1.jar:/home/cchianel/.m2/repository/org/ow2/asm/asm-tree/9.1/asm-tree-9.1.jar:/home/cchianel/.m2/repository/org/ow2/asm/asm-analysis/9.1/asm-analysis-9.1.jar:/home/cchianel/.m2/repository/org/jboss/jandex/2.2.3.Final/jandex-2.2.3.Final.jar:/home/cchianel/.m2/repository/org/ow2/asm/asm/9.1/asm-9.1.jar:/home/cchianel/.m2/repository/io/quarkus/quarkus-development-mode-spi/1.13.2.Final/quarkus-development-mode-spi-1.13.2.Final.jar:/home/cchianel/.m2/repository/io/quarkus/quarkus-class-change-agent/1.13.2.Final/quarkus-class-change-agent-1.13.2.Final.jar:/home/cchianel/.m2/repository/io/quarkus/quarkus-bootstrap-core/1.13.2.Final/quarkus-bootstrap-core-1.13.2.Final.jar:/home/cchianel/.m2/repository/io/quarkus/quarkus-bootstrap-app-model/1.13.2.Final/quarkus-bootstrap-app-model-1.13.2.Final.jar:/home/cchianel/.m2/repository/io/quarkus/quarkus-bootstrap-maven-resolver/1.13.2.Final/quarkus-bootstrap-maven-resolver-1.13.2.Final.jar:/home/cchianel/.m2/repository/org/apache/maven/maven-embedder/3.6.3/maven-embedder-3.6.3.jar:/home/cchianel/.m2/repository/org/apache/maven/maven-settings/3.6.3/maven-settings-3.6.3.jar:/home/cchianel/.m2/repository/org/apache/maven/maven-core/3.6.3/maven-core-3.6.3.jar:/home/cchianel/.m2/repository/org/apache/maven/maven-artifact/3.6.3/maven-artifact-3.6.3.jar:/home/cchianel/.m2/repository/org/codehaus/plexus/plexus-component-annotations/2.1.0/plexus-component-annotations-2.1.0.jar:/home/cchianel/.m2/repository/org/apache/maven/maven-plugin-api/3.6.3/maven-plugin-api-3.6.3.jar:/home/cchianel/.m2/repository/org/apache/maven/maven-model/3.6.3/maven-model-3.6.3.jar:/home/cchianel/.m2/repository/org/apache/maven/maven-model-builder/3.6.3/maven-model-builder-3.6.3.jar:/home/cchianel/.m2/repository/org/apache/maven/maven-builder-support/3.6.3/maven-builder-support-3.6.3.jar:/home/cchianel/.m2/repository/org/apache/maven/resolver/maven-resolver-api/1.4.1/maven-resolver-api-1.4.1.jar:/home/cchianel/.m2/repository/org/apache/maven/resolver/maven-resolver-util/1.4.1/maven-resolver-util-1.4.1.jar:/home/cchianel/.m2/repository/org/apache/maven/shared/maven-shared-utils/3.2.1/maven-shared-utils-3.2.1.jar:/home/cchianel/.m2/repository/commons-io/commons-io/2.8.0/commons-io-2.8.0.jar:/home/cchianel/.m2/repository/com/google/inject/guice/4.2.1/guice-4.2.1-no_aop.jar:/home/cchianel/.m2/repository/com/google/guava/guava/30.1-jre/guava-30.1-jre.jar:/home/cchianel/.m2/repository/com/google/guava/failureaccess/1.0.1/failureaccess-1.0.1.jar:/home/cchianel/.m2/repository/com/google/guava/listenablefuture/9999.0-empty-to-avoid-conflict-with-guava/listenablefuture-9999.0-empty-to-avoid-conflict-with-guava.jar:/home/cchianel/.m2/repository/org/codehaus/plexus/plexus-utils/3.2.1/plexus-utils-3.2.1.jar:/home/cchianel/.m2/repository/org/codehaus/plexus/plexus-classworlds/2.6.0/plexus-classworlds-2.6.0.jar:/home/cchianel/.m2/repository/commons-cli/commons-cli/1.4/commons-cli-1.4.jar:/home/cchianel/.m2/repository/org/apache/commons/commons-lang3/3.12.0/commons-lang3-3.12.0.jar:/home/cchianel/.m2/repository/org/eclipse/sisu/org.eclipse.sisu.plexus/0.3.4/org.eclipse.sisu.plexus-0.3.4.jar:/home/cchianel/.m2/repository/org/apache/maven/maven-settings-builder/3.6.3/maven-settings-builder-3.6.3.jar:/home/cchianel/.m2/repository/org/codehaus/plexus/plexus-interpolation/1.25/plexus-interpolation-1.25.jar:/home/cchianel/.m2/repository/org/sonatype/plexus/plexus-sec-dispatcher/1.4/plexus-sec-dispatcher-1.4.jar:/home/cchianel/.m2/repository/org/sonatype/plexus/plexus-cipher/1.4/plexus-cipher-1.4.jar:/home/cchianel/.m2/repository/org/apache/maven/maven-resolver-provider/3.6.3/maven-resolver-provider-3.6.3.jar:/home/cchianel/.m2/repository/org/apache/maven/maven-repository-metadata/3.6.3/maven-repository-metadata-3.6.3.jar:/home/cchianel/.m2/repository/org/apache/maven/resolver/maven-resolver-spi/1.4.1/maven-resolver-spi-1.4.1.jar:/home/cchianel/.m2/repository/org/apache/maven/resolver/maven-resolver-impl/1.4.1/maven-resolver-impl-1.4.1.jar:/home/cchianel/.m2/repository/org/apache/maven/resolver/maven-resolver-connector-basic/1.4.1/maven-resolver-connector-basic-1.4.1.jar:/home/cchianel/.m2/repository/org/apache/maven/resolver/maven-resolver-transport-wagon/1.4.1/maven-resolver-transport-wagon-1.4.1.jar:/home/cchianel/.m2/repository/org/apache/maven/wagon/wagon-http/3.3.4/wagon-http-3.3.4.jar:/home/cchianel/.m2/repository/org/apache/maven/wagon/wagon-http-shared/3.3.4/wagon-http-shared-3.3.4.jar:/home/cchianel/.m2/repository/org/jsoup/jsoup/1.12.1/jsoup-1.12.1.jar:/home/cchianel/.m2/repository/org/apache/httpcomponents/httpclient/4.5.13/httpclient-4.5.13.jar:/home/cchianel/.m2/repository/commons-codec/commons-codec/1.14/commons-codec-1.14.jar:/home/cchianel/.m2/repository/org/apache/httpcomponents/httpcore/4.4.14/httpcore-4.4.14.jar:/home/cchianel/.m2/repository/org/apache/maven/wagon/wagon-provider-api/3.3.4/wagon-provider-api-3.3.4.jar:/home/cchianel/.m2/repository/org/apache/maven/wagon/wagon-file/3.3.4/wagon-file-3.3.4.jar:/home/cchianel/.m2/repository/io/quarkus/quarkus-bootstrap-gradle-resolver/1.13.2.Final/quarkus-bootstrap-gradle-resolver-1.13.2.Final.jar:/home/cchianel/.m2/repository/io/smallrye/common/smallrye-common-io/1.5.0/smallrye-common-io-1.5.0.jar:/home/cchianel/.m2/repository/org/eclipse/sisu/org.eclipse.sisu.inject/0.3.4/org.eclipse.sisu.inject-0.3.4.jar:/home/cchianel/.m2/repository/io/quarkus/quarkus-builder/1.13.2.Final/quarkus-builder-1.13.2.Final.jar:/home/cchianel/.m2/repository/org/graalvm/sdk/graal-sdk/21.0.0/graal-sdk-21.0.0.jar:/home/cchianel/.m2/repository/io/quarkus/quarkus-vertx-http-dev-console-spi/1.13.2.Final/quarkus-vertx-http-dev-console-spi-1.13.2.Final.jar:/home/cchianel/.m2/repository/io/quarkus/quarkus-vertx-http-dev-console-runtime-spi/1.13.2.Final/quarkus-vertx-http-dev-console-runtime-spi-1.13.2.Final.jar:/home/cchianel/.m2/repository/io/quarkus/arc/arc/1.13.2.Final/arc-1.13.2.Final.jar:/home/cchianel/.m2/repository/jakarta/transaction/jakarta.transaction-api/1.3.3/jakarta.transaction-api-1.3.3.jar:/home/cchianel/.m2/repository/io/vertx/vertx-web/3.9.6/vertx-web-3.9.6.jar:/home/cchianel/.m2/repository/io/vertx/vertx-web-common/3.9.6/vertx-web-common-3.9.6.jar:/home/cchianel/.m2/repository/io/vertx/vertx-auth-common/3.9.6/vertx-auth-common-3.9.6.jar:/home/cchianel/.m2/repository/io/vertx/vertx-bridge-common/3.9.6/vertx-bridge-common-3.9.6.jar:/home/cchianel/.m2/repository/io/vertx/vertx-core/3.9.6/vertx-core-3.9.6.jar:/home/cchianel/.m2/repository/io/netty/netty-common/4.1.49.Final/netty-common-4.1.49.Final.jar:/home/cchianel/.m2/repository/io/netty/netty-buffer/4.1.49.Final/netty-buffer-4.1.49.Final.jar:/home/cchianel/.m2/repository/io/netty/netty-transport/4.1.49.Final/netty-transport-4.1.49.Final.jar:/home/cchianel/.m2/repository/io/netty/netty-handler/4.1.49.Final/netty-handler-4.1.49.Final.jar:/home/cchianel/.m2/repository/io/netty/netty-codec/4.1.49.Final/netty-codec-4.1.49.Final.jar:/home/cchianel/.m2/repository/io/netty/netty-handler-proxy/4.1.49.Final/netty-handler-proxy-4.1.49.Final.jar:/home/cchianel/.m2/repository/io/netty/netty-codec-socks/4.1.49.Final/netty-codec-socks-4.1.49.Final.jar:/home/cchianel/.m2/repository/io/netty/netty-codec-http/4.1.49.Final/netty-codec-http-4.1.49.Final.jar:/home/cchianel/.m2/repository/io/netty/netty-codec-http2/4.1.49.Final/netty-codec-http2-4.1.49.Final.jar:/home/cchianel/.m2/repository/io/netty/netty-resolver/4.1.49.Final/netty-resolver-4.1.49.Final.jar:/home/cchianel/.m2/repository/io/netty/netty-resolver-dns/4.1.49.Final/netty-resolver-dns-4.1.49.Final.jar:/home/cchianel/.m2/repository/io/netty/netty-codec-dns/4.1.49.Final/netty-codec-dns-4.1.49.Final.jar:/home/cchianel/.m2/repository/com/fasterxml/jackson/core/jackson-core/2.12.1/jackson-core-2.12.1.jar:/home/cchianel/.m2/repository/com/fasterxml/jackson/core/jackson-databind/2.12.1/jackson-databind-2.12.1.jar:/home/cchianel/.m2/repository/com/fasterxml/jackson/core/jackson-annotations/2.12.1/jackson-annotations-2.12.1.jar:/home/cchianel/.m2/repository/io/quarkus/quarkus-arc/1.13.2.Final/quarkus-arc-1.13.2.Final.jar:/home/cchianel/.m2/repository/org/eclipse/microprofile/context-propagation/microprofile-context-propagation-api/1.0.1/microprofile-context-propagation-api-1.0.1.jar:/home/cchianel/.m2/repository/io/quarkus/arc/arc-processor/1.13.2.Final/arc-processor-1.13.2.Final.jar:/home/cchianel/.m2/repository/org/jboss/logging/jboss-logging/3.4.1.Final/jboss-logging-3.4.1.Final.jar:/home/cchianel/.m2/repository/jakarta/annotation/jakarta.annotation-api/1.3.5/jakarta.annotation-api-1.3.5.jar:/mnt/external-drive/code/issue-reproducer/my-ext/runtime/target/my-ext-1.0.0-SNAPSHOT.jar:/home/cchianel/.m2/repository/io/quarkus/quarkus-junit5-internal/1.13.2.Final/quarkus-junit5-internal-1.13.2.Final.jar:/home/cchianel/.m2/repository/org/jboss/shrinkwrap/shrinkwrap-api/1.2.6/shrinkwrap-api-1.2.6.jar:/home/cchianel/.m2/repository/org/jboss/shrinkwrap/shrinkwrap-spi/1.2.6/shrinkwrap-spi-1.2.6.jar:/home/cchianel/.m2/repository/org/jboss/shrinkwrap/shrinkwrap-impl-base/1.2.6/shrinkwrap-impl-base-1.2.6.jar:/home/cchianel/.m2/repository/org/junit/jupiter/junit-jupiter-api/5.7.1/junit-jupiter-api-5.7.1.jar:/home/cchianel/.m2/repository/org/apiguardian/apiguardian-api/1.1.0/apiguardian-api-1.1.0.jar:/home/cchianel/.m2/repository/org/opentest4j/opentest4j/1.2.0/opentest4j-1.2.0.jar:/home/cchianel/.m2/repository/org/junit/platform/junit-platform-commons/1.7.1/junit-platform-commons-1.7.1.jar:/home/cchianel/.m2/repository/org/junit/jupiter/junit-jupiter-params/5.7.1/junit-jupiter-params-5.7.1.jar:/home/cchianel/.m2/repository/org/junit/jupiter/junit-jupiter-engine/5.7.1/junit-jupiter-engine-5.7.1.jar:/home/cchianel/.m2/repository/org/junit/platform/junit-platform-engine/1.7.1/junit-platform-engine-1.7.1.jar:/home/cchianel/.m2/repository/io/quarkus/quarkus-core/1.13.2.Final/quarkus-core-1.13.2.Final.jar:/home/cchianel/.m2/repository/jakarta/inject/jakarta.inject-api/1.0/jakarta.inject-api-1.0.jar:/home/cchianel/.m2/repository/io/quarkus/quarkus-ide-launcher/1.13.2.Final/quarkus-ide-launcher-1.13.2.Final.jar:/home/cchianel/.m2/repository/io/smallrye/config/smallrye-config/1.11.1/smallrye-config-1.11.1.jar:/home/cchianel/.m2/repository/org/eclipse/microprofile/config/microprofile-config-api/1.4/microprofile-config-api-1.4.jar:/home/cchianel/.m2/repository/io/smallrye/common/smallrye-common-annotation/1.5.0/smallrye-common-annotation-1.5.0.jar:/home/cchianel/.m2/repository/io/smallrye/common/smallrye-common-expression/1.5.0/smallrye-common-expression-1.5.0.jar:/home/cchianel/.m2/repository/io/smallrye/common/smallrye-common-function/1.5.0/smallrye-common-function-1.5.0.jar:/home/cchianel/.m2/repository/io/smallrye/common/smallrye-common-constraint/1.5.0/smallrye-common-constraint-1.5.0.jar:/home/cchianel/.m2/repository/io/smallrye/common/smallrye-common-classloader/1.5.0/smallrye-common-classloader-1.5.0.jar:/home/cchianel/.m2/repository/io/smallrye/config/smallrye-config-common/1.11.1/smallrye-config-common-1.11.1.jar:/home/cchianel/.m2/repository/org/jboss/logmanager/jboss-logmanager-embedded/1.0.9/jboss-logmanager-embedded-1.0.9.jar:/home/cchianel/.m2/repository/org/jboss/logging/jboss-logging-annotations/2.2.0.Final/jboss-logging-annotations-2.2.0.Final.jar:/home/cchianel/.m2/repository/org/jboss/threads/jboss-threads/3.2.0.Final/jboss-threads-3.2.0.Final.jar:/home/cchianel/.m2/repository/org/slf4j/slf4j-api/1.7.30/slf4j-api-1.7.30.jar:/home/cchianel/.m2/repository/org/jboss/slf4j/slf4j-jboss-logmanager/1.1.0.Final/slf4j-jboss-logmanager-1.1.0.Final.jar:/home/cchianel/.m2/repository/io/quarkus/quarkus-bootstrap-runner/1.13.2.Final/quarkus-bootstrap-runner-1.13.2.Final.jar:/home/cchianel/.m2/repository/io/quarkus/quarkus-test-common/1.13.2.Final/quarkus-test-common-1.13.2.Final.jar:/home/cchianel/.m2/repository/io/quarkus/quarkus-jsonp-deployment/1.13.2.Final/quarkus-jsonp-deployment-1.13.2.Final.jar:/home/cchianel/.m2/repository/io/quarkus/quarkus-jsonp/1.13.2.Final/quarkus-jsonp-1.13.2.Final.jar:/home/cchianel/.m2/repository/org/glassfish/jakarta.json/1.1.6/jakarta.json-1.1.6.jar:/home/cchianel/.m2/repository/org/jboss/logging/commons-logging-jboss-logging/1.0.0.Final/commons-logging-jboss-logging-1.0.0.Final.jar:/home/cchianel/.m2/repository/jakarta/enterprise/jakarta.enterprise.cdi-api/2.0.2/jakarta.enterprise.cdi-api-2.0.2.jar:/home/cchianel/.m2/repository/jakarta/el/jakarta.el-api/3.0.3/jakarta.el-api-3.0.3.jar:/home/cchianel/.m2/repository/jakarta/interceptor/jakarta.interceptor-api/1.2.5/jakarta.interceptor-api-1.2.5.jar:/home/cchianel/.m2/repository/io/quarkus/quarkus-devtools-utilities/1.13.2.Final/quarkus-devtools-utilities-1.13.2.Final.jar:"/>
    <property name="java.vm.vendor" value="Red Hat, Inc."/>
    <property name="sun.arch.data.model" value="64"/>
    <property name="java.vendor.url" value="https://www.redhat.com/"/>
    <property name="user.timezone" value="America/Toronto"/>
    <property name="java.vm.specification.version" value="11"/>
    <property name="os.name" value="Linux"/>
    <property name="sun.java.launcher" value="SUN_STANDARD"/>
    <property name="user.country" value="CA"/>
    <property name="sun.boot.library.path" value="/usr/lib/jvm/java-11-openjdk-11.0.10.0.9-0.fc33.x86_64/lib"/>
    <property name="sun.java.command" value="/mnt/external-drive/code/issue-reproducer/my-ext/deployment/target/surefire/surefirebooter812499407038586985.jar /mnt/external-drive/code/issue-reproducer/my-ext/deployment/target/surefire 2021-04-21T14-07-00_320-jvmRun1 surefire4820943983410941511tmp surefire_013458679211141955657tmp"/>
    <property name="maven.home" value="/home/cchianel/maven/apache-maven-3.6.3-bin/apache-maven-3.6.3"/>
    <property name="jdk.debug" value="release"/>
    <property name="surefire.test.class.path" value="/mnt/external-drive/code/issue-reproducer/my-ext/deployment/target/test-classes:/mnt/external-drive/code/issue-reproducer/my-ext/deployment/target/classes:/home/cchianel/.m2/repository/io/quarkus/quarkus-arc-deployment/1.13.2.Final/quarkus-arc-deployment-1.13.2.Final.jar:/home/cchianel/.m2/repository/io/quarkus/quarkus-core-deployment/1.13.2.Final/quarkus-core-deployment-1.13.2.Final.jar:/home/cchianel/.m2/repository/org/wildfly/common/wildfly-common/1.5.4.Final-format-001/wildfly-common-1.5.4.Final-format-001.jar:/home/cchianel/.m2/repository/io/quarkus/gizmo/gizmo/1.0.7.Final/gizmo-1.0.7.Final.jar:/home/cchianel/.m2/repository/org/ow2/asm/asm-util/9.1/asm-util-9.1.jar:/home/cchianel/.m2/repository/org/ow2/asm/asm-tree/9.1/asm-tree-9.1.jar:/home/cchianel/.m2/repository/org/ow2/asm/asm-analysis/9.1/asm-analysis-9.1.jar:/home/cchianel/.m2/repository/org/jboss/jandex/2.2.3.Final/jandex-2.2.3.Final.jar:/home/cchianel/.m2/repository/org/ow2/asm/asm/9.1/asm-9.1.jar:/home/cchianel/.m2/repository/io/quarkus/quarkus-development-mode-spi/1.13.2.Final/quarkus-development-mode-spi-1.13.2.Final.jar:/home/cchianel/.m2/repository/io/quarkus/quarkus-class-change-agent/1.13.2.Final/quarkus-class-change-agent-1.13.2.Final.jar:/home/cchianel/.m2/repository/io/quarkus/quarkus-bootstrap-core/1.13.2.Final/quarkus-bootstrap-core-1.13.2.Final.jar:/home/cchianel/.m2/repository/io/quarkus/quarkus-bootstrap-app-model/1.13.2.Final/quarkus-bootstrap-app-model-1.13.2.Final.jar:/home/cchianel/.m2/repository/io/quarkus/quarkus-bootstrap-maven-resolver/1.13.2.Final/quarkus-bootstrap-maven-resolver-1.13.2.Final.jar:/home/cchianel/.m2/repository/org/apache/maven/maven-embedder/3.6.3/maven-embedder-3.6.3.jar:/home/cchianel/.m2/repository/org/apache/maven/maven-settings/3.6.3/maven-settings-3.6.3.jar:/home/cchianel/.m2/repository/org/apache/maven/maven-core/3.6.3/maven-core-3.6.3.jar:/home/cchianel/.m2/repository/org/apache/maven/maven-artifact/3.6.3/maven-artifact-3.6.3.jar:/home/cchianel/.m2/repository/org/codehaus/plexus/plexus-component-annotations/2.1.0/plexus-component-annotations-2.1.0.jar:/home/cchianel/.m2/repository/org/apache/maven/maven-plugin-api/3.6.3/maven-plugin-api-3.6.3.jar:/home/cchianel/.m2/repository/org/apache/maven/maven-model/3.6.3/maven-model-3.6.3.jar:/home/cchianel/.m2/repository/org/apache/maven/maven-model-builder/3.6.3/maven-model-builder-3.6.3.jar:/home/cchianel/.m2/repository/org/apache/maven/maven-builder-support/3.6.3/maven-builder-support-3.6.3.jar:/home/cchianel/.m2/repository/org/apache/maven/resolver/maven-resolver-api/1.4.1/maven-resolver-api-1.4.1.jar:/home/cchianel/.m2/repository/org/apache/maven/resolver/maven-resolver-util/1.4.1/maven-resolver-util-1.4.1.jar:/home/cchianel/.m2/repository/org/apache/maven/shared/maven-shared-utils/3.2.1/maven-shared-utils-3.2.1.jar:/home/cchianel/.m2/repository/commons-io/commons-io/2.8.0/commons-io-2.8.0.jar:/home/cchianel/.m2/repository/com/google/inject/guice/4.2.1/guice-4.2.1-no_aop.jar:/home/cchianel/.m2/repository/com/google/guava/guava/30.1-jre/guava-30.1-jre.jar:/home/cchianel/.m2/repository/com/google/guava/failureaccess/1.0.1/failureaccess-1.0.1.jar:/home/cchianel/.m2/repository/com/google/guava/listenablefuture/9999.0-empty-to-avoid-conflict-with-guava/listenablefuture-9999.0-empty-to-avoid-conflict-with-guava.jar:/home/cchianel/.m2/repository/org/codehaus/plexus/plexus-utils/3.2.1/plexus-utils-3.2.1.jar:/home/cchianel/.m2/repository/org/codehaus/plexus/plexus-classworlds/2.6.0/plexus-classworlds-2.6.0.jar:/home/cchianel/.m2/repository/commons-cli/commons-cli/1.4/commons-cli-1.4.jar:/home/cchianel/.m2/repository/org/apache/commons/commons-lang3/3.12.0/commons-lang3-3.12.0.jar:/home/cchianel/.m2/repository/org/eclipse/sisu/org.eclipse.sisu.plexus/0.3.4/org.eclipse.sisu.plexus-0.3.4.jar:/home/cchianel/.m2/repository/org/apache/maven/maven-settings-builder/3.6.3/maven-settings-builder-3.6.3.jar:/home/cchianel/.m2/repository/org/codehaus/plexus/plexus-interpolation/1.25/plexus-interpolation-1.25.jar:/home/cchianel/.m2/repository/org/sonatype/plexus/plexus-sec-dispatcher/1.4/plexus-sec-dispatcher-1.4.jar:/home/cchianel/.m2/repository/org/sonatype/plexus/plexus-cipher/1.4/plexus-cipher-1.4.jar:/home/cchianel/.m2/repository/org/apache/maven/maven-resolver-provider/3.6.3/maven-resolver-provider-3.6.3.jar:/home/cchianel/.m2/repository/org/apache/maven/maven-repository-metadata/3.6.3/maven-repository-metadata-3.6.3.jar:/home/cchianel/.m2/repository/org/apache/maven/resolver/maven-resolver-spi/1.4.1/maven-resolver-spi-1.4.1.jar:/home/cchianel/.m2/repository/org/apache/maven/resolver/maven-resolver-impl/1.4.1/maven-resolver-impl-1.4.1.jar:/home/cchianel/.m2/repository/org/apache/maven/resolver/maven-resolver-connector-basic/1.4.1/maven-resolver-connector-basic-1.4.1.jar:/home/cchianel/.m2/repository/org/apache/maven/resolver/maven-resolver-transport-wagon/1.4.1/maven-resolver-transport-wagon-1.4.1.jar:/home/cchianel/.m2/repository/org/apache/maven/wagon/wagon-http/3.3.4/wagon-http-3.3.4.jar:/home/cchianel/.m2/repository/org/apache/maven/wagon/wagon-http-shared/3.3.4/wagon-http-shared-3.3.4.jar:/home/cchianel/.m2/repository/org/jsoup/jsoup/1.12.1/jsoup-1.12.1.jar:/home/cchianel/.m2/repository/org/apache/httpcomponents/httpclient/4.5.13/httpclient-4.5.13.jar:/home/cchianel/.m2/repository/commons-codec/commons-codec/1.14/commons-codec-1.14.jar:/home/cchianel/.m2/repository/org/apache/httpcomponents/httpcore/4.4.14/httpcore-4.4.14.jar:/home/cchianel/.m2/repository/org/apache/maven/wagon/wagon-provider-api/3.3.4/wagon-provider-api-3.3.4.jar:/home/cchianel/.m2/repository/org/apache/maven/wagon/wagon-file/3.3.4/wagon-file-3.3.4.jar:/home/cchianel/.m2/repository/io/quarkus/quarkus-bootstrap-gradle-resolver/1.13.2.Final/quarkus-bootstrap-gradle-resolver-1.13.2.Final.jar:/home/cchianel/.m2/repository/io/smallrye/common/smallrye-common-io/1.5.0/smallrye-common-io-1.5.0.jar:/home/cchianel/.m2/repository/org/eclipse/sisu/org.eclipse.sisu.inject/0.3.4/org.eclipse.sisu.inject-0.3.4.jar:/home/cchianel/.m2/repository/io/quarkus/quarkus-builder/1.13.2.Final/quarkus-builder-1.13.2.Final.jar:/home/cchianel/.m2/repository/org/graalvm/sdk/graal-sdk/21.0.0/graal-sdk-21.0.0.jar:/home/cchianel/.m2/repository/io/quarkus/quarkus-vertx-http-dev-console-spi/1.13.2.Final/quarkus-vertx-http-dev-console-spi-1.13.2.Final.jar:/home/cchianel/.m2/repository/io/quarkus/quarkus-vertx-http-dev-console-runtime-spi/1.13.2.Final/quarkus-vertx-http-dev-console-runtime-spi-1.13.2.Final.jar:/home/cchianel/.m2/repository/io/quarkus/arc/arc/1.13.2.Final/arc-1.13.2.Final.jar:/home/cchianel/.m2/repository/jakarta/transaction/jakarta.transaction-api/1.3.3/jakarta.transaction-api-1.3.3.jar:/home/cchianel/.m2/repository/io/vertx/vertx-web/3.9.6/vertx-web-3.9.6.jar:/home/cchianel/.m2/repository/io/vertx/vertx-web-common/3.9.6/vertx-web-common-3.9.6.jar:/home/cchianel/.m2/repository/io/vertx/vertx-auth-common/3.9.6/vertx-auth-common-3.9.6.jar:/home/cchianel/.m2/repository/io/vertx/vertx-bridge-common/3.9.6/vertx-bridge-common-3.9.6.jar:/home/cchianel/.m2/repository/io/vertx/vertx-core/3.9.6/vertx-core-3.9.6.jar:/home/cchianel/.m2/repository/io/netty/netty-common/4.1.49.Final/netty-common-4.1.49.Final.jar:/home/cchianel/.m2/repository/io/netty/netty-buffer/4.1.49.Final/netty-buffer-4.1.49.Final.jar:/home/cchianel/.m2/repository/io/netty/netty-transport/4.1.49.Final/netty-transport-4.1.49.Final.jar:/home/cchianel/.m2/repository/io/netty/netty-handler/4.1.49.Final/netty-handler-4.1.49.Final.jar:/home/cchianel/.m2/repository/io/netty/netty-codec/4.1.49.Final/netty-codec-4.1.49.Final.jar:/home/cchianel/.m2/repository/io/netty/netty-handler-proxy/4.1.49.Final/netty-handler-proxy-4.1.49.Final.jar:/home/cchianel/.m2/repository/io/netty/netty-codec-socks/4.1.49.Final/netty-codec-socks-4.1.49.Final.jar:/home/cchianel/.m2/repository/io/netty/netty-codec-http/4.1.49.Final/netty-codec-http-4.1.49.Final.jar:/home/cchianel/.m2/repository/io/netty/netty-codec-http2/4.1.49.Final/netty-codec-http2-4.1.49.Final.jar:/home/cchianel/.m2/repository/io/netty/netty-resolver/4.1.49.Final/netty-resolver-4.1.49.Final.jar:/home/cchianel/.m2/repository/io/netty/netty-resolver-dns/4.1.49.Final/netty-resolver-dns-4.1.49.Final.jar:/home/cchianel/.m2/repository/io/netty/netty-codec-dns/4.1.49.Final/netty-codec-dns-4.1.49.Final.jar:/home/cchianel/.m2/repository/com/fasterxml/jackson/core/jackson-core/2.12.1/jackson-core-2.12.1.jar:/home/cchianel/.m2/repository/com/fasterxml/jackson/core/jackson-databind/2.12.1/jackson-databind-2.12.1.jar:/home/cchianel/.m2/repository/com/fasterxml/jackson/core/jackson-annotations/2.12.1/jackson-annotations-2.12.1.jar:/home/cchianel/.m2/repository/io/quarkus/quarkus-arc/1.13.2.Final/quarkus-arc-1.13.2.Final.jar:/home/cchianel/.m2/repository/org/eclipse/microprofile/context-propagation/microprofile-context-propagation-api/1.0.1/microprofile-context-propagation-api-1.0.1.jar:/home/cchianel/.m2/repository/io/quarkus/arc/arc-processor/1.13.2.Final/arc-processor-1.13.2.Final.jar:/home/cchianel/.m2/repository/org/jboss/logging/jboss-logging/3.4.1.Final/jboss-logging-3.4.1.Final.jar:/home/cchianel/.m2/repository/jakarta/annotation/jakarta.annotation-api/1.3.5/jakarta.annotation-api-1.3.5.jar:/mnt/external-drive/code/issue-reproducer/my-ext/runtime/target/my-ext-1.0.0-SNAPSHOT.jar:/home/cchianel/.m2/repository/io/quarkus/quarkus-junit5-internal/1.13.2.Final/quarkus-junit5-internal-1.13.2.Final.jar:/home/cchianel/.m2/repository/org/jboss/shrinkwrap/shrinkwrap-api/1.2.6/shrinkwrap-api-1.2.6.jar:/home/cchianel/.m2/repository/org/jboss/shrinkwrap/shrinkwrap-spi/1.2.6/shrinkwrap-spi-1.2.6.jar:/home/cchianel/.m2/repository/org/jboss/shrinkwrap/shrinkwrap-impl-base/1.2.6/shrinkwrap-impl-base-1.2.6.jar:/home/cchianel/.m2/repository/org/junit/jupiter/junit-jupiter-api/5.7.1/junit-jupiter-api-5.7.1.jar:/home/cchianel/.m2/repository/org/apiguardian/apiguardian-api/1.1.0/apiguardian-api-1.1.0.jar:/home/cchianel/.m2/repository/org/opentest4j/opentest4j/1.2.0/opentest4j-1.2.0.jar:/home/cchianel/.m2/repository/org/junit/platform/junit-platform-commons/1.7.1/junit-platform-commons-1.7.1.jar:/home/cchianel/.m2/repository/org/junit/jupiter/junit-jupiter-params/5.7.1/junit-jupiter-params-5.7.1.jar:/home/cchianel/.m2/repository/org/junit/jupiter/junit-jupiter-engine/5.7.1/junit-jupiter-engine-5.7.1.jar:/home/cchianel/.m2/repository/org/junit/platform/junit-platform-engine/1.7.1/junit-platform-engine-1.7.1.jar:/home/cchianel/.m2/repository/io/quarkus/quarkus-core/1.13.2.Final/quarkus-core-1.13.2.Final.jar:/home/cchianel/.m2/repository/jakarta/inject/jakarta.inject-api/1.0/jakarta.inject-api-1.0.jar:/home/cchianel/.m2/repository/io/quarkus/quarkus-ide-launcher/1.13.2.Final/quarkus-ide-launcher-1.13.2.Final.jar:/home/cchianel/.m2/repository/io/smallrye/config/smallrye-config/1.11.1/smallrye-config-1.11.1.jar:/home/cchianel/.m2/repository/org/eclipse/microprofile/config/microprofile-config-api/1.4/microprofile-config-api-1.4.jar:/home/cchianel/.m2/repository/io/smallrye/common/smallrye-common-annotation/1.5.0/smallrye-common-annotation-1.5.0.jar:/home/cchianel/.m2/repository/io/smallrye/common/smallrye-common-expression/1.5.0/smallrye-common-expression-1.5.0.jar:/home/cchianel/.m2/repository/io/smallrye/common/smallrye-common-function/1.5.0/smallrye-common-function-1.5.0.jar:/home/cchianel/.m2/repository/io/smallrye/common/smallrye-common-constraint/1.5.0/smallrye-common-constraint-1.5.0.jar:/home/cchianel/.m2/repository/io/smallrye/common/smallrye-common-classloader/1.5.0/smallrye-common-classloader-1.5.0.jar:/home/cchianel/.m2/repository/io/smallrye/config/smallrye-config-common/1.11.1/smallrye-config-common-1.11.1.jar:/home/cchianel/.m2/repository/org/jboss/logmanager/jboss-logmanager-embedded/1.0.9/jboss-logmanager-embedded-1.0.9.jar:/home/cchianel/.m2/repository/org/jboss/logging/jboss-logging-annotations/2.2.0.Final/jboss-logging-annotations-2.2.0.Final.jar:/home/cchianel/.m2/repository/org/jboss/threads/jboss-threads/3.2.0.Final/jboss-threads-3.2.0.Final.jar:/home/cchianel/.m2/repository/org/slf4j/slf4j-api/1.7.30/slf4j-api-1.7.30.jar:/home/cchianel/.m2/repository/org/jboss/slf4j/slf4j-jboss-logmanager/1.1.0.Final/slf4j-jboss-logmanager-1.1.0.Final.jar:/home/cchianel/.m2/repository/io/quarkus/quarkus-bootstrap-runner/1.13.2.Final/quarkus-bootstrap-runner-1.13.2.Final.jar:/home/cchianel/.m2/repository/io/quarkus/quarkus-test-common/1.13.2.Final/quarkus-test-common-1.13.2.Final.jar:/home/cchianel/.m2/repository/io/quarkus/quarkus-jsonp-deployment/1.13.2.Final/quarkus-jsonp-deployment-1.13.2.Final.jar:/home/cchianel/.m2/repository/io/quarkus/quarkus-jsonp/1.13.2.Final/quarkus-jsonp-1.13.2.Final.jar:/home/cchianel/.m2/repository/org/glassfish/jakarta.json/1.1.6/jakarta.json-1.1.6.jar:/home/cchianel/.m2/repository/org/jboss/logging/commons-logging-jboss-logging/1.0.0.Final/commons-logging-jboss-logging-1.0.0.Final.jar:/home/cchianel/.m2/repository/jakarta/enterprise/jakarta.enterprise.cdi-api/2.0.2/jakarta.enterprise.cdi-api-2.0.2.jar:/home/cchianel/.m2/repository/jakarta/el/jakarta.el-api/3.0.3/jakarta.el-api-3.0.3.jar:/home/cchianel/.m2/repository/jakarta/interceptor/jakarta.interceptor-api/1.2.5/jakarta.interceptor-api-1.2.5.jar:/home/cchianel/.m2/repository/io/quarkus/quarkus-devtools-utilities/1.13.2.Final/quarkus-devtools-utilities-1.13.2.Final.jar:"/>
    <property name="sun.cpu.endian" value="little"/>
    <property name="user.home" value="/home/cchianel"/>
    <property name="user.language" value="en"/>
    <property name="java.specification.vendor" value="Oracle Corporation"/>
    <property name="java.version.date" value="2021-01-19"/>
    <property name="java.home" value="/usr/lib/jvm/java-11-openjdk-11.0.10.0.9-0.fc33.x86_64"/>
    <property name="file.separator" value="/"/>
    <property name="maven.repo" value="/home/cchianel/.m2/repository"/>
    <property name="basedir" value="/mnt/external-drive/code/issue-reproducer/my-ext/deployment"/>
    <property name="java.vm.compressedOopsMode" value="Zero based"/>
    <property name="line.separator" value="&#10;"/>
    <property name="java.specification.name" value="Java Platform API Specification"/>
    <property name="java.vm.specification.vendor" value="Oracle Corporation"/>
    <property name="java.awt.graphicsenv" value="sun.awt.X11GraphicsEnvironment"/>
    <property name="surefire.real.class.path" value="/mnt/external-drive/code/issue-reproducer/my-ext/deployment/target/surefire/surefirebooter812499407038586985.jar"/>
    <property name="sun.management.compiler" value="HotSpot 64-Bit Tiered Compilers"/>
    <property name="java.runtime.version" value="11.0.10+9"/>
    <property name="user.name" value="cchianel"/>
    <property name="path.separator" value=":"/>
    <property name="securerandom.source" value="file:/dev/./urandom"/>
    <property name="os.version" value="5.11.14-200.fc33.x86_64"/>
    <property name="java.runtime.name" value="OpenJDK Runtime Environment"/>
    <property name="file.encoding" value="UTF-8"/>
    <property name="java.vm.name" value="OpenJDK 64-Bit Server VM"/>
    <property name="java.vendor.version" value="18.9"/>
    <property name="localRepository" value="/home/cchianel/.m2/repository"/>
    <property name="java.vendor.url.bug" value="https://bugzilla.redhat.com/enter_bug.cgi?product=Fedora&amp;component=java-11-openjdk&amp;version=33"/>
    <property name="java.io.tmpdir" value="/tmp"/>
    <property name="quarkus.log.file.path" value="target/quarkus.log"/>
    <property name="java.version" value="11.0.10"/>
    <property name="user.dir" value="/mnt/external-drive/code/issue-reproducer/my-ext/deployment"/>
    <property name="os.arch" value="amd64"/>
    <property name="java.vm.specification.name" value="Java Virtual Machine Specification"/>
    <property name="java.awt.printerjob" value="sun.print.PSPrinterJob"/>
    <property name="sun.os.patch.level" value="unknown"/>
    <property name="java.util.logging.manager" value="org.jboss.logmanager.LogManager"/>
    <property name="java.library.path" value="/usr/java/packages/lib:/usr/lib64:/lib64:/lib:/usr/lib"/>
    <property name="java.vm.info" value="mixed mode, sharing"/>
    <property name="java.vendor" value="Red Hat, Inc."/>
    <property name="java.vm.version" value="11.0.10+9"/>
    <property name="sun.io.unicode.encoding" value="UnicodeLittle"/>
    <property name="java.class.version" value="55.0"/>
  </properties>
  <testcase name="writeYourOwnDevModeTest" classname="org.acme.my.ext.test.MyExtDevModeTest" time="1.342">
    <system-out><![CDATA[__  ____  __  _____   ___  __ ____  ______ 
 --/ __ \/ / / / _ | / _ \/ //_/ / / / __/ 
 -/ /_/ / /_/ / __ |/ , _/ ,< / /_/ /\ \   
--\___\_\____/_/ |_/_/|_/_/|_|\____/___/   
2021-04-21 14:07:02,918 INFO  [io.quarkus] (Quarkus Main Thread) Quarkus 1.13.2.Final on JVM started in 0.536s. 
2021-04-21 14:07:02,919 INFO  [io.quarkus] (Quarkus Main Thread) Profile dev activated. Live Coding activated.
2021-04-21 14:07:02,920 INFO  [io.quarkus] (Quarkus Main Thread) Installed features: [cdi, my-ext]
2021-04-21 14:07:02,955 INFO  [io.quarkus] (Quarkus Main Thread) Quarkus stopped in 0.021s
]]></system-out>
  </testcase>
</testsuite>